Performing C SOURCE FILE Test CMAKE_HAVE_LIBC_PTHREAD failed with the following output:
Change Dir: /home/lenovo/II-2/computer_graphics/ass1/2019101112/build/CMakeFiles/CMakeTmp

Run Build Command(s):/usr/bin/make cmTC_e557f/fast && /usr/bin/make  -f CMakeFiles/cmTC_e557f.dir/build.make CMakeFiles/cmTC_e557f.dir/build
make[1]: Entering directory '/home/lenovo/II-2/computer_graphics/ass1/2019101112/build/CMakeFiles/CMakeTmp'
Building C object CMakeFiles/cmTC_e557f.dir/src.c.o
/usr/bin/cc -DCMAKE_HAVE_LIBC_PTHREAD   -o CMakeFiles/cmTC_e557f.dir/src.c.o -c /home/lenovo/II-2/computer_graphics/ass1/2019101112/build/CMakeFiles/CMakeTmp/src.c
Linking C executable cmTC_e557f
/usr/local/bin/cmake -E cmake_link_script CMakeFiles/cmTC_e557f.dir/link.txt --verbose=1
/usr/bin/cc CMakeFiles/cmTC_e557f.dir/src.c.o -o cmTC_e557f 
/usr/bin/ld: CMakeFiles/cmTC_e557f.dir/src.c.o: in function `main':
src.c:(.text+0x46): undefined reference to `pthread_create'
/usr/bin/ld: src.c:(.text+0x52): undefined reference to `pthread_detach'
/usr/bin/ld: src.c:(.text+0x5e): undefined reference to `pthread_cancel'
/usr/bin/ld: src.c:(.text+0x6f): undefined reference to `pthread_join'
collect2: error: ld returned 1 exit status
make[1]: *** [CMakeFiles/cmTC_e557f.dir/build.make:106: cmTC_e557f] Error 1
make[1]: Leaving directory '/home/lenovo/II-2/computer_graphics/ass1/2019101112/build/CMakeFiles/CMakeTmp'
make: *** [Makefile:140: cmTC_e557f/fast] Error 2


Source file was:
#include <pthread.h>

static void* test_func(void* data)
{
  return data;
}

int main(void)
{
  pthread_t thread;
  pthread_create(&thread, NULL, test_func, NULL);
  pthread_detach(thread);
  pthread_cancel(thread);
  pthread_join(thread, NULL);
  pthread_atfork(NULL, NULL, NULL);
  pthread_exit(NULL);

  return 0;
}

Determining if the function pthread_create exists in the pthreads failed with the following output:
Change Dir: /home/lenovo/II-2/computer_graphics/ass1/2019101112/build/CMakeFiles/CMakeTmp

Run Build Command(s):/usr/bin/make cmTC_72e26/fast && /usr/bin/make  -f CMakeFiles/cmTC_72e26.dir/build.make CMakeFiles/cmTC_72e26.dir/build
make[1]: Entering directory '/home/lenovo/II-2/computer_graphics/ass1/2019101112/build/CMakeFiles/CMakeTmp'
Building C object CMakeFiles/cmTC_72e26.dir/CheckFunctionExists.c.o
/usr/bin/cc   -DCHECK_FUNCTION_EXISTS=pthread_create -o CMakeFiles/cmTC_72e26.dir/CheckFunctionExists.c.o -c /usr/local/share/cmake-3.19/Modules/CheckFunctionExists.c
Linking C executable cmTC_72e26
/usr/local/bin/cmake -E cmake_link_script CMakeFiles/cmTC_72e26.dir/link.txt --verbose=1
/usr/bin/cc  -DCHECK_FUNCTION_EXISTS=pthread_create CMakeFiles/cmTC_72e26.dir/CheckFunctionExists.c.o -o cmTC_72e26  -lpthreads 
/usr/bin/ld: cannot find -lpthreads
collect2: error: ld returned 1 exit status
make[1]: *** [CMakeFiles/cmTC_72e26.dir/build.make:106: cmTC_72e26] Error 1
make[1]: Leaving directory '/home/lenovo/II-2/computer_graphics/ass1/2019101112/build/CMakeFiles/CMakeTmp'
make: *** [Makefile:140: cmTC_72e26/fast] Error 2



